<?xml version="1.0" encoding="UTF-8"?>
<coverage generated="1554066511897" clover="3.2.0">
  <project timestamp="1554066511897" name="All files">
    <metrics statements="77" coveredstatements="77" conditionals="34" coveredconditionals="32" methods="38" coveredmethods="38" elements="149" coveredelements="147" complexity="0" loc="77" ncloc="77" packages="6" files="14" classes="14"/>
    <package name="components">
      <metrics statements="11" coveredstatements="11" conditionals="0" coveredconditionals="0" methods="6" coveredmethods="6"/>
      <file name="app.js" path="C:\Users\Viktoriya_Vorozhun\Desktop\React-CDP\app\components\app.js">
        <metrics statements="11" coveredstatements="11" conditionals="0" coveredconditionals="0" methods="6" coveredmethods="6"/>
        <line num="7" count="1" type="stmt"/>
        <line num="91" count="3" type="stmt"/>
        <line num="92" count="3" type="stmt"/>
        <line num="96" count="3" type="stmt"/>
        <line num="97" count="3" type="stmt"/>
        <line num="98" count="3" type="stmt"/>
        <line num="102" count="20" type="stmt"/>
        <line num="106" count="1" type="stmt"/>
        <line num="113" count="1" type="stmt"/>
        <line num="117" count="1" type="stmt"/>
        <line num="124" count="5" type="stmt"/>
      </file>
    </package>
    <package name="components.auxiliary">
      <metrics statements="7" coveredstatements="7" conditionals="2" coveredconditionals="2" methods="4" coveredmethods="4"/>
      <file name="ErrorBoundary.js" path="C:\Users\Viktoriya_Vorozhun\Desktop\React-CDP\app\components\auxiliary\ErrorBoundary.js">
        <metrics statements="7" coveredstatements="7" conditionals="2" coveredconditionals="2" methods="4" coveredmethods="4"/>
        <line num="5" count="9" type="stmt"/>
        <line num="6" count="9" type="stmt"/>
        <line num="11" count="1" type="stmt"/>
        <line num="15" count="1" type="stmt"/>
        <line num="21" count="17" type="cond" truecount="2" falsecount="0"/>
        <line num="22" count="2" type="stmt"/>
        <line num="25" count="15" type="stmt"/>
      </file>
    </package>
    <package name="components.common">
      <metrics statements="2" coveredstatements="2" conditionals="0" coveredconditionals="0" methods="1" coveredmethods="1"/>
      <file name="Logo.js" path="C:\Users\Viktoriya_Vorozhun\Desktop\React-CDP\app\components\common\Logo.js">
        <metrics statements="2" coveredstatements="2" conditionals="0" coveredconditionals="0" methods="1" coveredmethods="1"/>
        <line num="3" count="5" type="stmt"/>
        <line num="4" count="15" type="stmt"/>
      </file>
    </package>
    <package name="components.footer">
      <metrics statements="2" coveredstatements="2" conditionals="0" coveredconditionals="0" methods="1" coveredmethods="1"/>
      <file name="Footer.js" path="C:\Users\Viktoriya_Vorozhun\Desktop\React-CDP\app\components\footer\Footer.js">
        <metrics statements="2" coveredstatements="2" conditionals="0" coveredconditionals="0" methods="1" coveredmethods="1"/>
        <line num="4" count="2" type="stmt"/>
        <line num="5" count="6" type="stmt"/>
      </file>
    </package>
    <package name="components.header">
      <metrics statements="22" coveredstatements="22" conditionals="10" coveredconditionals="8" methods="11" coveredmethods="11"/>
      <file name="Header.js" path="C:\Users\Viktoriya_Vorozhun\Desktop\React-CDP\app\components\header\Header.js">
        <metrics statements="2" coveredstatements="2" conditionals="2" coveredconditionals="2" methods="1" coveredmethods="1"/>
        <line num="6" count="2" type="stmt"/>
        <line num="8" count="6" type="stmt"/>
      </file>
      <file name="HeaderLine.js" path="C:\Users\Viktoriya_Vorozhun\Desktop\React-CDP\app\components\header\HeaderLine.js">
        <metrics statements="3" coveredstatements="3" conditionals="2" coveredconditionals="2" methods="2" coveredmethods="2"/>
        <line num="4" count="3" type="stmt"/>
        <line num="5" count="8" type="stmt"/>
        <line num="8" count="1" type="cond" truecount="2" falsecount="0"/>
      </file>
      <file name="MovieFounded.js" path="C:\Users\Viktoriya_Vorozhun\Desktop\React-CDP\app\components\header\MovieFounded.js">
        <metrics statements="2" coveredstatements="2" conditionals="0" coveredconditionals="0" methods="1" coveredmethods="1"/>
        <line num="3" count="3" type="stmt"/>
        <line num="5" count="3" type="stmt"/>
      </file>
      <file name="MovieSearch.js" path="C:\Users\Viktoriya_Vorozhun\Desktop\React-CDP\app\components\header\MovieSearch.js">
        <metrics statements="12" coveredstatements="12" conditionals="4" coveredconditionals="2" methods="5" coveredmethods="5"/>
        <line num="7" count="7" type="stmt"/>
        <line num="8" count="7" type="stmt"/>
        <line num="12" count="7" type="stmt"/>
        <line num="13" count="7" type="stmt"/>
        <line num="17" count="1" type="cond" truecount="1" falsecount="1"/>
        <line num="18" count="1" type="stmt"/>
        <line num="25" count="1" type="stmt"/>
        <line num="26" count="1" type="cond" truecount="1" falsecount="1"/>
        <line num="27" count="1" type="stmt"/>
        <line num="30" count="1" type="stmt"/>
        <line num="35" count="10" type="stmt"/>
        <line num="38" count="14" type="stmt"/>
      </file>
      <file name="SearchByButton.js" path="C:\Users\Viktoriya_Vorozhun\Desktop\React-CDP\app\components\header\SearchByButton.js">
        <metrics statements="3" coveredstatements="3" conditionals="2" coveredconditionals="2" methods="2" coveredmethods="2"/>
        <line num="3" count="4" type="stmt"/>
        <line num="4" count="22" type="stmt"/>
        <line num="7" count="1" type="stmt"/>
      </file>
    </package>
    <package name="components.main">
      <metrics statements="33" coveredstatements="33" conditionals="22" coveredconditionals="22" methods="15" coveredmethods="15"/>
      <file name="Main.js" path="C:\Users\Viktoriya_Vorozhun\Desktop\React-CDP\app\components\main\Main.js">
        <metrics statements="6" coveredstatements="6" conditionals="6" coveredconditionals="6" methods="3" coveredmethods="3"/>
        <line num="9" count="6" type="stmt"/>
        <line num="10" count="6" type="stmt"/>
        <line num="13" count="6" type="stmt"/>
        <line num="17" count="2" type="cond" truecount="2" falsecount="0"/>
        <line num="18" count="1" type="stmt"/>
        <line num="25" count="9" type="stmt"/>
      </file>
      <file name="Movie.js" path="C:\Users\Viktoriya_Vorozhun\Desktop\React-CDP\app\components\main\Movie.js">
        <metrics statements="3" coveredstatements="3" conditionals="0" coveredconditionals="0" methods="2" coveredmethods="2"/>
        <line num="3" count="4" type="stmt"/>
        <line num="4" count="38" type="stmt"/>
        <line num="5" count="1" type="stmt"/>
      </file>
      <file name="MoviesList.js" path="C:\Users\Viktoriya_Vorozhun\Desktop\React-CDP\app\components\main\MoviesList.js">
        <metrics statements="18" coveredstatements="18" conditionals="10" coveredconditionals="10" methods="6" coveredmethods="6"/>
        <line num="7" count="7" type="stmt"/>
        <line num="8" count="7" type="stmt"/>
        <line num="12" count="10" type="cond" truecount="2" falsecount="0"/>
        <line num="13" count="8" type="stmt"/>
        <line num="14" count="27" type="cond" truecount="2" falsecount="0"/>
        <line num="15" count="8" type="stmt"/>
        <line num="17" count="19" type="cond" truecount="2" falsecount="0"/>
        <line num="18" count="16" type="stmt"/>
        <line num="20" count="3" type="stmt"/>
        <line num="23" count="2" type="stmt"/>
        <line num="24" count="10" type="cond" truecount="2" falsecount="0"/>
        <line num="25" count="4" type="stmt"/>
        <line num="27" count="6" type="cond" truecount="2" falsecount="0"/>
        <line num="28" count="4" type="stmt"/>
        <line num="30" count="2" type="stmt"/>
        <line num="33" count="10" type="stmt"/>
        <line num="37" count="10" type="stmt"/>
        <line num="41" count="40" type="stmt"/>
      </file>
      <file name="NoMovies.js" path="C:\Users\Viktoriya_Vorozhun\Desktop\React-CDP\app\components\main\NoMovies.js">
        <metrics statements="2" coveredstatements="2" conditionals="0" coveredconditionals="0" methods="1" coveredmethods="1"/>
        <line num="3" count="3" type="stmt"/>
        <line num="4" count="2" type="stmt"/>
      </file>
      <file name="SortLine.js" path="C:\Users\Viktoriya_Vorozhun\Desktop\React-CDP\app\components\main\SortLine.js">
        <metrics statements="4" coveredstatements="4" conditionals="6" coveredconditionals="6" methods="3" coveredmethods="3"/>
        <line num="3" count="3" type="stmt"/>
        <line num="5" count="12" type="stmt"/>
        <line num="17" count="1" type="stmt"/>
        <line num="21" count="1" type="stmt"/>
      </file>
    </package>
  </project>
</coverage>
