<?xml version="1.0" encoding="UTF-8"?>
<coverage generated="1556484739564" clover="3.2.0">
  <project timestamp="1556484739564" name="All files">
    <metrics statements="21" coveredstatements="20" conditionals="10" coveredconditionals="10" methods="13" coveredmethods="12" elements="44" coveredelements="42" complexity="0" loc="21" ncloc="21" packages="4" files="8" classes="8"/>
    <package name="common">
      <metrics statements="2" coveredstatements="2" conditionals="0" coveredconditionals="0" methods="1" coveredmethods="1"/>
      <file name="Logo.js" path="C:\Users\Viktoriya_Vorozhun\Desktop\React-CDP\app\components\common\Logo.js">
        <metrics statements="2" coveredstatements="2" conditionals="0" coveredconditionals="0" methods="1" coveredmethods="1"/>
        <line num="3" count="3" type="stmt"/>
        <line num="4" count="4" type="stmt"/>
      </file>
    </package>
    <package name="footer">
      <metrics statements="2" coveredstatements="2" conditionals="0" coveredconditionals="0" methods="1" coveredmethods="1"/>
      <file name="Footer.js" path="C:\Users\Viktoriya_Vorozhun\Desktop\React-CDP\app\components\footer\Footer.js">
        <metrics statements="2" coveredstatements="2" conditionals="0" coveredconditionals="0" methods="1" coveredmethods="1"/>
        <line num="4" count="1" type="stmt"/>
        <line num="5" count="1" type="stmt"/>
      </file>
    </package>
    <package name="header">
      <metrics statements="8" coveredstatements="8" conditionals="4" coveredconditionals="4" methods="5" coveredmethods="5"/>
      <file name="HeaderLine.js" path="C:\Users\Viktoriya_Vorozhun\Desktop\React-CDP\app\components\header\HeaderLine.js">
        <metrics statements="3" coveredstatements="3" conditionals="2" coveredconditionals="2" methods="2" coveredmethods="2"/>
        <line num="4" count="1" type="stmt"/>
        <line num="5" count="2" type="stmt"/>
        <line num="8" count="1" type="cond" truecount="2" falsecount="0"/>
      </file>
      <file name="MovieFounded.js" path="C:\Users\Viktoriya_Vorozhun\Desktop\React-CDP\app\components\header\MovieFounded.js">
        <metrics statements="2" coveredstatements="2" conditionals="0" coveredconditionals="0" methods="1" coveredmethods="1"/>
        <line num="3" count="1" type="stmt"/>
        <line num="5" count="1" type="stmt"/>
      </file>
      <file name="SearchByButton.js" path="C:\Users\Viktoriya_Vorozhun\Desktop\React-CDP\app\components\header\SearchByButton.js">
        <metrics statements="3" coveredstatements="3" conditionals="2" coveredconditionals="2" methods="2" coveredmethods="2"/>
        <line num="3" count="1" type="stmt"/>
        <line num="4" count="2" type="stmt"/>
        <line num="7" count="1" type="stmt"/>
      </file>
    </package>
    <package name="main">
      <metrics statements="9" coveredstatements="8" conditionals="6" coveredconditionals="6" methods="6" coveredmethods="5"/>
      <file name="Movie.js" path="C:\Users\Viktoriya_Vorozhun\Desktop\React-CDP\app\components\main\Movie.js">
        <metrics statements="3" coveredstatements="3" conditionals="0" coveredconditionals="0" methods="2" coveredmethods="2"/>
        <line num="3" count="1" type="stmt"/>
        <line num="4" count="2" type="stmt"/>
        <line num="5" count="1" type="stmt"/>
      </file>
      <file name="NoMovies.js" path="C:\Users\Viktoriya_Vorozhun\Desktop\React-CDP\app\components\main\NoMovies.js">
        <metrics statements="2" coveredstatements="2" conditionals="0" coveredconditionals="0" methods="1" coveredmethods="1"/>
        <line num="3" count="1" type="stmt"/>
        <line num="4" count="1" type="stmt"/>
      </file>
      <file name="SortLine.js" path="C:\Users\Viktoriya_Vorozhun\Desktop\React-CDP\app\components\main\SortLine.js">
        <metrics statements="4" coveredstatements="3" conditionals="6" coveredconditionals="6" methods="3" coveredmethods="2"/>
        <line num="3" count="1" type="stmt"/>
        <line num="5" count="4" type="stmt"/>
        <line num="17" count="1" type="stmt"/>
        <line num="21" count="0" type="stmt"/>
      </file>
    </package>
  </project>
</coverage>
