{"C:\\Users\\Viktoriya_Vorozhun\\Desktop\\React-CDP\\app\\components\\common\\Logo.js": {"path":"C:\\Users\\Viktoriya_Vorozhun\\Desktop\\React-CDP\\app\\components\\common\\Logo.js","statementMap":{"0":{"start":{"line":3,"column":13},"end":{"line":7,"column":1}},"1":{"start":{"line":4,"column":2},"end":{"line":6,"column":3}}},"fnMap":{"0":{"name":"(anonymous_0)","decl":{"start":{"line":3,"column":13},"end":{"line":3,"column":14}},"loc":{"start":{"line":3,"column":19},"end":{"line":7,"column":1}},"line":3}},"branchMap":{},"s":{"0":3,"1":4},"f":{"0":4},"b":{},"_coverageSchema":"43e27e138ebf9cfc5966b082cf9a028302ed4184","hash":"65760fab6b5f12a3f813567eae80e3ae1721bda6"}
,"C:\\Users\\Viktoriya_Vorozhun\\Desktop\\React-CDP\\app\\components\\footer\\Footer.js": {"path":"C:\\Users\\Viktoriya_Vorozhun\\Desktop\\React-CDP\\app\\components\\footer\\Footer.js","statementMap":{"0":{"start":{"line":4,"column":15},"end":{"line":12,"column":1}},"1":{"start":{"line":5,"column":4},"end":{"line":11,"column":5}}},"fnMap":{"0":{"name":"(anonymous_0)","decl":{"start":{"line":4,"column":15},"end":{"line":4,"column":16}},"loc":{"start":{"line":4,"column":21},"end":{"line":12,"column":1}},"line":4}},"branchMap":{},"s":{"0":1,"1":1},"f":{"0":1},"b":{},"_coverageSchema":"43e27e138ebf9cfc5966b082cf9a028302ed4184","hash":"90d99823e08fa971c21d80734e3079fa960f1228"}
,"C:\\Users\\Viktoriya_Vorozhun\\Desktop\\React-CDP\\app\\components\\header\\HeaderLine.js": {"path":"C:\\Users\\Viktoriya_Vorozhun\\Desktop\\React-CDP\\app\\components\\header\\HeaderLine.js","statementMap":{"0":{"start":{"line":4,"column":19},"end":{"line":11,"column":1}},"1":{"start":{"line":5,"column":4},"end":{"line":10,"column":5}},"2":{"start":{"line":8,"column":95},"end":{"line":8,"column":115}}},"fnMap":{"0":{"name":"(anonymous_0)","decl":{"start":{"line":4,"column":19},"end":{"line":4,"column":20}},"loc":{"start":{"line":4,"column":30},"end":{"line":11,"column":1}},"line":4},"1":{"name":"(anonymous_1)","decl":{"start":{"line":8,"column":89},"end":{"line":8,"column":90}},"loc":{"start":{"line":8,"column":95},"end":{"line":8,"column":115}},"line":8}},"branchMap":{"0":{"loc":{"start":{"line":8,"column":13},"end":{"line":8,"column":132}},"type":"binary-expr","locations":[{"start":{"line":8,"column":13},"end":{"line":8,"column":34}},{"start":{"line":8,"column":38},"end":{"line":8,"column":132}}],"line":8}},"s":{"0":1,"1":2,"2":1},"f":{"0":2,"1":1},"b":{"0":[2,2]},"_coverageSchema":"43e27e138ebf9cfc5966b082cf9a028302ed4184","hash":"3e01b9a22a122119bb392ed77b46fda6b6b549a7"}
,"C:\\Users\\Viktoriya_Vorozhun\\Desktop\\React-CDP\\app\\components\\header\\MovieFounded.js": {"path":"C:\\Users\\Viktoriya_Vorozhun\\Desktop\\React-CDP\\app\\components\\header\\MovieFounded.js","statementMap":{"0":{"start":{"line":3,"column":21},"end":{"line":26,"column":1}},"1":{"start":{"line":5,"column":4},"end":{"line":25,"column":5}}},"fnMap":{"0":{"name":"(anonymous_0)","decl":{"start":{"line":3,"column":21},"end":{"line":3,"column":22}},"loc":{"start":{"line":3,"column":32},"end":{"line":26,"column":1}},"line":3}},"branchMap":{},"s":{"0":1,"1":1},"f":{"0":1},"b":{},"_coverageSchema":"43e27e138ebf9cfc5966b082cf9a028302ed4184","hash":"64f333d6e2f862f27321f9c8061e6e55a55d60ea"}
,"C:\\Users\\Viktoriya_Vorozhun\\Desktop\\React-CDP\\app\\components\\header\\SearchByButton.js": {"path":"C:\\Users\\Viktoriya_Vorozhun\\Desktop\\React-CDP\\app\\components\\header\\SearchByButton.js","statementMap":{"0":{"start":{"line":3,"column":23},"end":{"line":12,"column":1}},"1":{"start":{"line":4,"column":4},"end":{"line":11,"column":5}},"2":{"start":{"line":7,"column":31},"end":{"line":7,"column":73}}},"fnMap":{"0":{"name":"(anonymous_0)","decl":{"start":{"line":3,"column":23},"end":{"line":3,"column":24}},"loc":{"start":{"line":3,"column":34},"end":{"line":12,"column":1}},"line":3},"1":{"name":"(anonymous_1)","decl":{"start":{"line":7,"column":25},"end":{"line":7,"column":26}},"loc":{"start":{"line":7,"column":31},"end":{"line":7,"column":73}},"line":7}},"branchMap":{"0":{"loc":{"start":{"line":5,"column":37},"end":{"line":5,"column":74}},"type":"cond-expr","locations":[{"start":{"line":5,"column":54},"end":{"line":5,"column":69}},{"start":{"line":5,"column":72},"end":{"line":5,"column":74}}],"line":5}},"s":{"0":1,"1":2,"2":1},"f":{"0":2,"1":1},"b":{"0":[1,1]},"_coverageSchema":"43e27e138ebf9cfc5966b082cf9a028302ed4184","hash":"509aab1efe4a1ca48339e51cfb24aed156ff0aa4"}
,"C:\\Users\\Viktoriya_Vorozhun\\Desktop\\React-CDP\\app\\components\\main\\Movie.js": {"path":"C:\\Users\\Viktoriya_Vorozhun\\Desktop\\React-CDP\\app\\components\\main\\Movie.js","statementMap":{"0":{"start":{"line":3,"column":14},"end":{"line":18,"column":1}},"1":{"start":{"line":4,"column":4},"end":{"line":17,"column":5}},"2":{"start":{"line":5,"column":50},"end":{"line":5,"column":77}}},"fnMap":{"0":{"name":"(anonymous_0)","decl":{"start":{"line":3,"column":14},"end":{"line":3,"column":15}},"loc":{"start":{"line":3,"column":25},"end":{"line":18,"column":1}},"line":3},"1":{"name":"(anonymous_1)","decl":{"start":{"line":5,"column":44},"end":{"line":5,"column":45}},"loc":{"start":{"line":5,"column":50},"end":{"line":5,"column":77}},"line":5}},"branchMap":{},"s":{"0":1,"1":2,"2":1},"f":{"0":2,"1":1},"b":{},"_coverageSchema":"43e27e138ebf9cfc5966b082cf9a028302ed4184","hash":"2b36ac38215fe5ac0447414222bf9f9decd8e32c"}
,"C:\\Users\\Viktoriya_Vorozhun\\Desktop\\React-CDP\\app\\components\\main\\NoMovies.js": {"path":"C:\\Users\\Viktoriya_Vorozhun\\Desktop\\React-CDP\\app\\components\\main\\NoMovies.js","statementMap":{"0":{"start":{"line":3,"column":17},"end":{"line":9,"column":1}},"1":{"start":{"line":4,"column":4},"end":{"line":8,"column":5}}},"fnMap":{"0":{"name":"(anonymous_0)","decl":{"start":{"line":3,"column":17},"end":{"line":3,"column":18}},"loc":{"start":{"line":3,"column":23},"end":{"line":9,"column":1}},"line":3}},"branchMap":{},"s":{"0":1,"1":1},"f":{"0":1},"b":{},"_coverageSchema":"43e27e138ebf9cfc5966b082cf9a028302ed4184","hash":"50dd02c154a5391b5a9df91ad309548b97dea2ad"}
,"C:\\Users\\Viktoriya_Vorozhun\\Desktop\\React-CDP\\app\\components\\main\\SortLine.js": {"path":"C:\\Users\\Viktoriya_Vorozhun\\Desktop\\React-CDP\\app\\components\\main\\SortLine.js","statementMap":{"0":{"start":{"line":3,"column":17},"end":{"line":29,"column":1}},"1":{"start":{"line":5,"column":4},"end":{"line":27,"column":5}},"2":{"start":{"line":17,"column":43},"end":{"line":17,"column":70}},"3":{"start":{"line":21,"column":43},"end":{"line":21,"column":72}}},"fnMap":{"0":{"name":"(anonymous_0)","decl":{"start":{"line":3,"column":17},"end":{"line":3,"column":18}},"loc":{"start":{"line":3,"column":28},"end":{"line":29,"column":1}},"line":3},"1":{"name":"(anonymous_1)","decl":{"start":{"line":17,"column":37},"end":{"line":17,"column":38}},"loc":{"start":{"line":17,"column":43},"end":{"line":17,"column":70}},"line":17},"2":{"name":"(anonymous_2)","decl":{"start":{"line":21,"column":37},"end":{"line":21,"column":38}},"loc":{"start":{"line":21,"column":43},"end":{"line":21,"column":72}},"line":21}},"branchMap":{"0":{"loc":{"start":{"line":12,"column":20},"end":{"line":23,"column":26}},"type":"binary-expr","locations":[{"start":{"line":12,"column":20},"end":{"line":12,"column":37}},{"start":{"line":13,"column":20},"end":{"line":23,"column":26}}],"line":12},"1":{"loc":{"start":{"line":16,"column":57},"end":{"line":16,"column":115}},"type":"cond-expr","locations":[{"start":{"line":16,"column":87},"end":{"line":16,"column":110}},{"start":{"line":16,"column":113},"end":{"line":16,"column":115}}],"line":16},"2":{"loc":{"start":{"line":20,"column":57},"end":{"line":20,"column":117}},"type":"cond-expr","locations":[{"start":{"line":20,"column":89},"end":{"line":20,"column":112}},{"start":{"line":20,"column":115},"end":{"line":20,"column":117}}],"line":20}},"s":{"0":1,"1":4,"2":1,"3":0},"f":{"0":4,"1":1,"2":0},"b":{"0":[4,3],"1":[2,1],"2":[1,2]},"_coverageSchema":"43e27e138ebf9cfc5966b082cf9a028302ed4184","hash":"26c77b767fefb344f77c649dd0c089eddea2165d"}
}
