{"C:\\Users\\Viktoriya_Vorozhun\\Desktop\\React-CDP\\app\\components\\app.js": {"path":"C:\\Users\\Viktoriya_Vorozhun\\Desktop\\React-CDP\\app\\components\\app.js","statementMap":{"0":{"start":{"line":7,"column":21},"end":{"line":86,"column":1}},"1":{"start":{"line":91,"column":6},"end":{"line":91,"column":19}},"2":{"start":{"line":92,"column":6},"end":{"line":95,"column":8}},"3":{"start":{"line":96,"column":6},"end":{"line":96,"column":61}},"4":{"start":{"line":97,"column":6},"end":{"line":97,"column":55}},"5":{"start":{"line":98,"column":6},"end":{"line":98,"column":53}},"6":{"start":{"line":102,"column":6},"end":{"line":102,"column":79}},"7":{"start":{"line":102,"column":42},"end":{"line":102,"column":77}},"8":{"start":{"line":106,"column":6},"end":{"line":109,"column":8}},"9":{"start":{"line":113,"column":6},"end":{"line":116,"column":9}},"10":{"start":{"line":117,"column":6},"end":{"line":120,"column":9}},"11":{"start":{"line":124,"column":8},"end":{"line":144,"column":9}}},"fnMap":{"0":{"name":"(anonymous_0)","decl":{"start":{"line":90,"column":4},"end":{"line":90,"column":5}},"loc":{"start":{"line":90,"column":23},"end":{"line":99,"column":5}},"line":90},"1":{"name":"(anonymous_1)","decl":{"start":{"line":101,"column":4},"end":{"line":101,"column":5}},"loc":{"start":{"line":101,"column":22},"end":{"line":103,"column":5}},"line":101},"2":{"name":"(anonymous_2)","decl":{"start":{"line":102,"column":37},"end":{"line":102,"column":38}},"loc":{"start":{"line":102,"column":42},"end":{"line":102,"column":77}},"line":102},"3":{"name":"(anonymous_3)","decl":{"start":{"line":105,"column":4},"end":{"line":105,"column":5}},"loc":{"start":{"line":105,"column":19},"end":{"line":110,"column":5}},"line":105},"4":{"name":"(anonymous_4)","decl":{"start":{"line":112,"column":4},"end":{"line":112,"column":5}},"loc":{"start":{"line":112,"column":20},"end":{"line":121,"column":5}},"line":112},"5":{"name":"(anonymous_5)","decl":{"start":{"line":123,"column":4},"end":{"line":123,"column":5}},"loc":{"start":{"line":123,"column":13},"end":{"line":145,"column":5}},"line":123}},"branchMap":{},"s":{"0":1,"1":3,"2":3,"3":3,"4":3,"5":3,"6":5,"7":20,"8":1,"9":1,"10":1,"11":5},"f":{"0":3,"1":5,"2":20,"3":1,"4":1,"5":5},"b":{},"_coverageSchema":"43e27e138ebf9cfc5966b082cf9a028302ed4184","hash":"ed3a9b6a84a751e818f1d6d34dcbb7b09325cd9d"}
,"C:\\Users\\Viktoriya_Vorozhun\\Desktop\\React-CDP\\app\\components\\auxiliary\\ErrorBoundary.js": {"path":"C:\\Users\\Viktoriya_Vorozhun\\Desktop\\React-CDP\\app\\components\\auxiliary\\ErrorBoundary.js","statementMap":{"0":{"start":{"line":5,"column":6},"end":{"line":5,"column":19}},"1":{"start":{"line":6,"column":6},"end":{"line":6,"column":39}},"2":{"start":{"line":11,"column":6},"end":{"line":11,"column":32}},"3":{"start":{"line":15,"column":8},"end":{"line":17,"column":11}},"4":{"start":{"line":21,"column":6},"end":{"line":23,"column":7}},"5":{"start":{"line":22,"column":8},"end":{"line":22,"column":91}},"6":{"start":{"line":25,"column":6},"end":{"line":25,"column":33}}},"fnMap":{"0":{"name":"(anonymous_0)","decl":{"start":{"line":4,"column":4},"end":{"line":4,"column":5}},"loc":{"start":{"line":4,"column":23},"end":{"line":7,"column":5}},"line":4},"1":{"name":"(anonymous_1)","decl":{"start":{"line":9,"column":4},"end":{"line":9,"column":5}},"loc":{"start":{"line":9,"column":43},"end":{"line":12,"column":5}},"line":9},"2":{"name":"(anonymous_2)","decl":{"start":{"line":14,"column":4},"end":{"line":14,"column":5}},"loc":{"start":{"line":14,"column":35},"end":{"line":18,"column":5}},"line":14},"3":{"name":"(anonymous_3)","decl":{"start":{"line":20,"column":4},"end":{"line":20,"column":5}},"loc":{"start":{"line":20,"column":13},"end":{"line":26,"column":5}},"line":20}},"branchMap":{"0":{"loc":{"start":{"line":21,"column":6},"end":{"line":23,"column":7}},"type":"if","locations":[{"start":{"line":21,"column":6},"end":{"line":23,"column":7}},{"start":{"line":21,"column":6},"end":{"line":23,"column":7}}],"line":21}},"s":{"0":9,"1":9,"2":1,"3":1,"4":17,"5":2,"6":15},"f":{"0":9,"1":1,"2":1,"3":17},"b":{"0":[2,15]},"_coverageSchema":"43e27e138ebf9cfc5966b082cf9a028302ed4184","hash":"0d1c468c1d16f33e15062bb79c3f0259b662ed1e"}
,"C:\\Users\\Viktoriya_Vorozhun\\Desktop\\React-CDP\\app\\components\\common\\Logo.js": {"path":"C:\\Users\\Viktoriya_Vorozhun\\Desktop\\React-CDP\\app\\components\\common\\Logo.js","statementMap":{"0":{"start":{"line":3,"column":13},"end":{"line":7,"column":1}},"1":{"start":{"line":4,"column":2},"end":{"line":6,"column":3}}},"fnMap":{"0":{"name":"(anonymous_0)","decl":{"start":{"line":3,"column":13},"end":{"line":3,"column":14}},"loc":{"start":{"line":3,"column":19},"end":{"line":7,"column":1}},"line":3}},"branchMap":{},"s":{"0":5,"1":15},"f":{"0":15},"b":{},"_coverageSchema":"43e27e138ebf9cfc5966b082cf9a028302ed4184","hash":"65760fab6b5f12a3f813567eae80e3ae1721bda6"}
,"C:\\Users\\Viktoriya_Vorozhun\\Desktop\\React-CDP\\app\\components\\footer\\Footer.js": {"path":"C:\\Users\\Viktoriya_Vorozhun\\Desktop\\React-CDP\\app\\components\\footer\\Footer.js","statementMap":{"0":{"start":{"line":4,"column":15},"end":{"line":12,"column":1}},"1":{"start":{"line":5,"column":4},"end":{"line":11,"column":5}}},"fnMap":{"0":{"name":"(anonymous_0)","decl":{"start":{"line":4,"column":15},"end":{"line":4,"column":16}},"loc":{"start":{"line":4,"column":21},"end":{"line":12,"column":1}},"line":4}},"branchMap":{},"s":{"0":2,"1":6},"f":{"0":6},"b":{},"_coverageSchema":"43e27e138ebf9cfc5966b082cf9a028302ed4184","hash":"90d99823e08fa971c21d80734e3079fa960f1228"}
,"C:\\Users\\Viktoriya_Vorozhun\\Desktop\\React-CDP\\app\\components\\header\\Header.js": {"path":"C:\\Users\\Viktoriya_Vorozhun\\Desktop\\React-CDP\\app\\components\\header\\Header.js","statementMap":{"0":{"start":{"line":6,"column":15},"end":{"line":23,"column":1}},"1":{"start":{"line":8,"column":4},"end":{"line":22,"column":5}}},"fnMap":{"0":{"name":"(anonymous_0)","decl":{"start":{"line":6,"column":15},"end":{"line":6,"column":16}},"loc":{"start":{"line":6,"column":26},"end":{"line":23,"column":1}},"line":6}},"branchMap":{"0":{"loc":{"start":{"line":16,"column":20},"end":{"line":18,"column":34}},"type":"cond-expr","locations":[{"start":{"line":17,"column":20},"end":{"line":17,"column":72}},{"start":{"line":18,"column":20},"end":{"line":18,"column":34}}],"line":16}},"s":{"0":2,"1":6},"f":{"0":6},"b":{"0":[1,5]},"_coverageSchema":"43e27e138ebf9cfc5966b082cf9a028302ed4184","hash":"1a5c8c274117e0073c48f324512d02e9ef8e596f"}
,"C:\\Users\\Viktoriya_Vorozhun\\Desktop\\React-CDP\\app\\components\\header\\HeaderLine.js": {"path":"C:\\Users\\Viktoriya_Vorozhun\\Desktop\\React-CDP\\app\\components\\header\\HeaderLine.js","statementMap":{"0":{"start":{"line":4,"column":19},"end":{"line":11,"column":1}},"1":{"start":{"line":5,"column":4},"end":{"line":10,"column":5}},"2":{"start":{"line":8,"column":95},"end":{"line":8,"column":115}}},"fnMap":{"0":{"name":"(anonymous_0)","decl":{"start":{"line":4,"column":19},"end":{"line":4,"column":20}},"loc":{"start":{"line":4,"column":30},"end":{"line":11,"column":1}},"line":4},"1":{"name":"(anonymous_1)","decl":{"start":{"line":8,"column":89},"end":{"line":8,"column":90}},"loc":{"start":{"line":8,"column":95},"end":{"line":8,"column":115}},"line":8}},"branchMap":{"0":{"loc":{"start":{"line":8,"column":13},"end":{"line":8,"column":132}},"type":"binary-expr","locations":[{"start":{"line":8,"column":13},"end":{"line":8,"column":34}},{"start":{"line":8,"column":38},"end":{"line":8,"column":132}}],"line":8}},"s":{"0":3,"1":8,"2":1},"f":{"0":8,"1":1},"b":{"0":[8,3]},"_coverageSchema":"43e27e138ebf9cfc5966b082cf9a028302ed4184","hash":"3e01b9a22a122119bb392ed77b46fda6b6b549a7"}
,"C:\\Users\\Viktoriya_Vorozhun\\Desktop\\React-CDP\\app\\components\\header\\MovieFounded.js": {"path":"C:\\Users\\Viktoriya_Vorozhun\\Desktop\\React-CDP\\app\\components\\header\\MovieFounded.js","statementMap":{"0":{"start":{"line":3,"column":21},"end":{"line":26,"column":1}},"1":{"start":{"line":5,"column":4},"end":{"line":25,"column":5}}},"fnMap":{"0":{"name":"(anonymous_0)","decl":{"start":{"line":3,"column":21},"end":{"line":3,"column":22}},"loc":{"start":{"line":3,"column":32},"end":{"line":26,"column":1}},"line":3}},"branchMap":{},"s":{"0":3,"1":3},"f":{"0":3},"b":{},"_coverageSchema":"43e27e138ebf9cfc5966b082cf9a028302ed4184","hash":"64f333d6e2f862f27321f9c8061e6e55a55d60ea"}
,"C:\\Users\\Viktoriya_Vorozhun\\Desktop\\React-CDP\\app\\components\\header\\MovieSearch.js": {"path":"C:\\Users\\Viktoriya_Vorozhun\\Desktop\\React-CDP\\app\\components\\header\\MovieSearch.js","statementMap":{"0":{"start":{"line":7,"column":8},"end":{"line":7,"column":21}},"1":{"start":{"line":8,"column":8},"end":{"line":11,"column":10}},"2":{"start":{"line":12,"column":8},"end":{"line":12,"column":69}},"3":{"start":{"line":13,"column":8},"end":{"line":13,"column":59}},"4":{"start":{"line":17,"column":8},"end":{"line":21,"column":9}},"5":{"start":{"line":18,"column":12},"end":{"line":20,"column":14}},"6":{"start":{"line":25,"column":27},"end":{"line":25,"column":43}},"7":{"start":{"line":26,"column":8},"end":{"line":31,"column":9}},"8":{"start":{"line":27,"column":12},"end":{"line":29,"column":14}},"9":{"start":{"line":30,"column":12},"end":{"line":30,"column":48}},"10":{"start":{"line":35,"column":8},"end":{"line":48,"column":9}},"11":{"start":{"line":38,"column":96},"end":{"line":38,"column":112}}},"fnMap":{"0":{"name":"(anonymous_0)","decl":{"start":{"line":6,"column":4},"end":{"line":6,"column":5}},"loc":{"start":{"line":6,"column":23},"end":{"line":14,"column":5}},"line":6},"1":{"name":"(anonymous_1)","decl":{"start":{"line":16,"column":4},"end":{"line":16,"column":5}},"loc":{"start":{"line":16,"column":30},"end":{"line":22,"column":5}},"line":16},"2":{"name":"(anonymous_2)","decl":{"start":{"line":24,"column":4},"end":{"line":24,"column":5}},"loc":{"start":{"line":24,"column":20},"end":{"line":32,"column":5}},"line":24},"3":{"name":"(anonymous_3)","decl":{"start":{"line":34,"column":4},"end":{"line":34,"column":5}},"loc":{"start":{"line":34,"column":13},"end":{"line":49,"column":5}},"line":34},"4":{"name":"(anonymous_4)","decl":{"start":{"line":38,"column":85},"end":{"line":38,"column":86}},"loc":{"start":{"line":38,"column":96},"end":{"line":38,"column":112}},"line":38}},"branchMap":{"0":{"loc":{"start":{"line":17,"column":8},"end":{"line":21,"column":9}},"type":"if","locations":[{"start":{"line":17,"column":8},"end":{"line":21,"column":9}},{"start":{"line":17,"column":8},"end":{"line":21,"column":9}}],"line":17},"1":{"loc":{"start":{"line":26,"column":8},"end":{"line":31,"column":9}},"type":"if","locations":[{"start":{"line":26,"column":8},"end":{"line":31,"column":9}},{"start":{"line":26,"column":8},"end":{"line":31,"column":9}}],"line":26}},"s":{"0":7,"1":7,"2":7,"3":7,"4":1,"5":1,"6":1,"7":1,"8":1,"9":1,"10":10,"11":14},"f":{"0":7,"1":1,"2":1,"3":10,"4":14},"b":{"0":[1,0],"1":[1,0]},"_coverageSchema":"43e27e138ebf9cfc5966b082cf9a028302ed4184","hash":"33e74c3dfd74e5ca157aa06e5d57bcf5533c8408"}
,"C:\\Users\\Viktoriya_Vorozhun\\Desktop\\React-CDP\\app\\components\\header\\SearchByButton.js": {"path":"C:\\Users\\Viktoriya_Vorozhun\\Desktop\\React-CDP\\app\\components\\header\\SearchByButton.js","statementMap":{"0":{"start":{"line":3,"column":23},"end":{"line":12,"column":1}},"1":{"start":{"line":4,"column":4},"end":{"line":11,"column":5}},"2":{"start":{"line":7,"column":31},"end":{"line":7,"column":68}}},"fnMap":{"0":{"name":"(anonymous_0)","decl":{"start":{"line":3,"column":23},"end":{"line":3,"column":24}},"loc":{"start":{"line":3,"column":34},"end":{"line":12,"column":1}},"line":3},"1":{"name":"(anonymous_1)","decl":{"start":{"line":7,"column":25},"end":{"line":7,"column":26}},"loc":{"start":{"line":7,"column":31},"end":{"line":7,"column":68}},"line":7}},"branchMap":{"0":{"loc":{"start":{"line":5,"column":37},"end":{"line":5,"column":74}},"type":"cond-expr","locations":[{"start":{"line":5,"column":54},"end":{"line":5,"column":69}},{"start":{"line":5,"column":72},"end":{"line":5,"column":74}}],"line":5}},"s":{"0":4,"1":22,"2":1},"f":{"0":22,"1":1},"b":{"0":[11,11]},"_coverageSchema":"43e27e138ebf9cfc5966b082cf9a028302ed4184","hash":"a9dc2fc929f2b7f55f8c43abe7a34beb39d55255"}
,"C:\\Users\\Viktoriya_Vorozhun\\Desktop\\React-CDP\\app\\components\\main\\Main.js": {"path":"C:\\Users\\Viktoriya_Vorozhun\\Desktop\\React-CDP\\app\\components\\main\\Main.js","statementMap":{"0":{"start":{"line":9,"column":8},"end":{"line":9,"column":21}},"1":{"start":{"line":10,"column":8},"end":{"line":12,"column":10}},"2":{"start":{"line":13,"column":8},"end":{"line":13,"column":59}},"3":{"start":{"line":17,"column":8},"end":{"line":21,"column":9}},"4":{"start":{"line":18,"column":12},"end":{"line":20,"column":14}},"5":{"start":{"line":25,"column":8},"end":{"line":45,"column":9}}},"fnMap":{"0":{"name":"(anonymous_0)","decl":{"start":{"line":8,"column":5},"end":{"line":8,"column":6}},"loc":{"start":{"line":8,"column":24},"end":{"line":14,"column":5}},"line":8},"1":{"name":"(anonymous_1)","decl":{"start":{"line":16,"column":4},"end":{"line":16,"column":5}},"loc":{"start":{"line":16,"column":25},"end":{"line":22,"column":5}},"line":16},"2":{"name":"(anonymous_2)","decl":{"start":{"line":24,"column":4},"end":{"line":24,"column":5}},"loc":{"start":{"line":24,"column":13},"end":{"line":46,"column":5}},"line":24}},"branchMap":{"0":{"loc":{"start":{"line":17,"column":8},"end":{"line":21,"column":9}},"type":"if","locations":[{"start":{"line":17,"column":8},"end":{"line":21,"column":9}},{"start":{"line":17,"column":8},"end":{"line":21,"column":9}}],"line":17},"1":{"loc":{"start":{"line":27,"column":17},"end":{"line":32,"column":22}},"type":"binary-expr","locations":[{"start":{"line":27,"column":18},"end":{"line":27,"column":42}},{"start":{"line":28,"column":20},"end":{"line":32,"column":22}}],"line":27},"2":{"loc":{"start":{"line":35,"column":21},"end":{"line":41,"column":35}},"type":"cond-expr","locations":[{"start":{"line":36,"column":24},"end":{"line":40,"column":26}},{"start":{"line":41,"column":24},"end":{"line":41,"column":35}}],"line":35}},"s":{"0":6,"1":6,"2":6,"3":2,"4":1,"5":9},"f":{"0":6,"1":2,"2":9},"b":{"0":[1,1],"1":[9,8],"2":[8,1]},"_coverageSchema":"43e27e138ebf9cfc5966b082cf9a028302ed4184","hash":"09b0755af44cd6918a17164276d211d8c0d1318f"}
,"C:\\Users\\Viktoriya_Vorozhun\\Desktop\\React-CDP\\app\\components\\main\\Movie.js": {"path":"C:\\Users\\Viktoriya_Vorozhun\\Desktop\\React-CDP\\app\\components\\main\\Movie.js","statementMap":{"0":{"start":{"line":3,"column":14},"end":{"line":18,"column":1}},"1":{"start":{"line":4,"column":4},"end":{"line":17,"column":5}},"2":{"start":{"line":5,"column":50},"end":{"line":5,"column":77}}},"fnMap":{"0":{"name":"(anonymous_0)","decl":{"start":{"line":3,"column":14},"end":{"line":3,"column":15}},"loc":{"start":{"line":3,"column":25},"end":{"line":18,"column":1}},"line":3},"1":{"name":"(anonymous_1)","decl":{"start":{"line":5,"column":44},"end":{"line":5,"column":45}},"loc":{"start":{"line":5,"column":50},"end":{"line":5,"column":77}},"line":5}},"branchMap":{},"s":{"0":4,"1":38,"2":1},"f":{"0":38,"1":1},"b":{},"_coverageSchema":"43e27e138ebf9cfc5966b082cf9a028302ed4184","hash":"2b36ac38215fe5ac0447414222bf9f9decd8e32c"}
,"C:\\Users\\Viktoriya_Vorozhun\\Desktop\\React-CDP\\app\\components\\main\\MoviesList.js": {"path":"C:\\Users\\Viktoriya_Vorozhun\\Desktop\\React-CDP\\app\\components\\main\\MoviesList.js","statementMap":{"0":{"start":{"line":7,"column":8},"end":{"line":7,"column":21}},"1":{"start":{"line":8,"column":8},"end":{"line":8,"column":61}},"2":{"start":{"line":12,"column":8},"end":{"line":32,"column":9}},"3":{"start":{"line":13,"column":12},"end":{"line":21,"column":15}},"4":{"start":{"line":14,"column":16},"end":{"line":16,"column":17}},"5":{"start":{"line":15,"column":20},"end":{"line":15,"column":28}},"6":{"start":{"line":17,"column":16},"end":{"line":19,"column":17}},"7":{"start":{"line":18,"column":20},"end":{"line":18,"column":29}},"8":{"start":{"line":20,"column":16},"end":{"line":20,"column":24}},"9":{"start":{"line":23,"column":12},"end":{"line":31,"column":15}},"10":{"start":{"line":24,"column":16},"end":{"line":26,"column":17}},"11":{"start":{"line":25,"column":20},"end":{"line":25,"column":28}},"12":{"start":{"line":27,"column":16},"end":{"line":29,"column":17}},"13":{"start":{"line":28,"column":20},"end":{"line":28,"column":29}},"14":{"start":{"line":30,"column":16},"end":{"line":30,"column":24}},"15":{"start":{"line":33,"column":8},"end":{"line":33,"column":33}},"16":{"start":{"line":37,"column":8},"end":{"line":53,"column":9}},"17":{"start":{"line":41,"column":24},"end":{"line":49,"column":26}}},"fnMap":{"0":{"name":"(anonymous_0)","decl":{"start":{"line":6,"column":4},"end":{"line":6,"column":5}},"loc":{"start":{"line":6,"column":23},"end":{"line":9,"column":5}},"line":6},"1":{"name":"(anonymous_1)","decl":{"start":{"line":11,"column":4},"end":{"line":11,"column":5}},"loc":{"start":{"line":11,"column":21},"end":{"line":34,"column":5}},"line":11},"2":{"name":"(anonymous_2)","decl":{"start":{"line":13,"column":35},"end":{"line":13,"column":36}},"loc":{"start":{"line":13,"column":45},"end":{"line":21,"column":13}},"line":13},"3":{"name":"(anonymous_3)","decl":{"start":{"line":23,"column":35},"end":{"line":23,"column":36}},"loc":{"start":{"line":23,"column":45},"end":{"line":31,"column":13}},"line":23},"4":{"name":"(anonymous_4)","decl":{"start":{"line":36,"column":4},"end":{"line":36,"column":5}},"loc":{"start":{"line":36,"column":13},"end":{"line":54,"column":5}},"line":36},"5":{"name":"(anonymous_5)","decl":{"start":{"line":40,"column":46},"end":{"line":40,"column":47}},"loc":{"start":{"line":41,"column":24},"end":{"line":49,"column":26}},"line":41}},"branchMap":{"0":{"loc":{"start":{"line":12,"column":8},"end":{"line":32,"column":9}},"type":"if","locations":[{"start":{"line":12,"column":8},"end":{"line":32,"column":9}},{"start":{"line":12,"column":8},"end":{"line":32,"column":9}}],"line":12},"1":{"loc":{"start":{"line":14,"column":16},"end":{"line":16,"column":17}},"type":"if","locations":[{"start":{"line":14,"column":16},"end":{"line":16,"column":17}},{"start":{"line":14,"column":16},"end":{"line":16,"column":17}}],"line":14},"2":{"loc":{"start":{"line":17,"column":16},"end":{"line":19,"column":17}},"type":"if","locations":[{"start":{"line":17,"column":16},"end":{"line":19,"column":17}},{"start":{"line":17,"column":16},"end":{"line":19,"column":17}}],"line":17},"3":{"loc":{"start":{"line":24,"column":16},"end":{"line":26,"column":17}},"type":"if","locations":[{"start":{"line":24,"column":16},"end":{"line":26,"column":17}},{"start":{"line":24,"column":16},"end":{"line":26,"column":17}}],"line":24},"4":{"loc":{"start":{"line":27,"column":16},"end":{"line":29,"column":17}},"type":"if","locations":[{"start":{"line":27,"column":16},"end":{"line":29,"column":17}},{"start":{"line":27,"column":16},"end":{"line":29,"column":17}}],"line":27}},"s":{"0":7,"1":7,"2":10,"3":8,"4":27,"5":8,"6":19,"7":16,"8":3,"9":2,"10":10,"11":4,"12":6,"13":4,"14":2,"15":10,"16":10,"17":40},"f":{"0":7,"1":10,"2":27,"3":10,"4":10,"5":40},"b":{"0":[8,2],"1":[8,19],"2":[16,3],"3":[4,6],"4":[4,2]},"_coverageSchema":"43e27e138ebf9cfc5966b082cf9a028302ed4184","hash":"0b43213f6bfa2daec10989e62ba02c5715ea6eb8"}
,"C:\\Users\\Viktoriya_Vorozhun\\Desktop\\React-CDP\\app\\components\\main\\NoMovies.js": {"path":"C:\\Users\\Viktoriya_Vorozhun\\Desktop\\React-CDP\\app\\components\\main\\NoMovies.js","statementMap":{"0":{"start":{"line":3,"column":17},"end":{"line":9,"column":1}},"1":{"start":{"line":4,"column":4},"end":{"line":8,"column":5}}},"fnMap":{"0":{"name":"(anonymous_0)","decl":{"start":{"line":3,"column":17},"end":{"line":3,"column":18}},"loc":{"start":{"line":3,"column":23},"end":{"line":9,"column":1}},"line":3}},"branchMap":{},"s":{"0":3,"1":2},"f":{"0":2},"b":{},"_coverageSchema":"43e27e138ebf9cfc5966b082cf9a028302ed4184","hash":"50dd02c154a5391b5a9df91ad309548b97dea2ad"}
,"C:\\Users\\Viktoriya_Vorozhun\\Desktop\\React-CDP\\app\\components\\main\\SortLine.js": {"path":"C:\\Users\\Viktoriya_Vorozhun\\Desktop\\React-CDP\\app\\components\\main\\SortLine.js","statementMap":{"0":{"start":{"line":3,"column":17},"end":{"line":29,"column":1}},"1":{"start":{"line":5,"column":4},"end":{"line":27,"column":5}},"2":{"start":{"line":17,"column":43},"end":{"line":17,"column":70}},"3":{"start":{"line":21,"column":43},"end":{"line":21,"column":72}}},"fnMap":{"0":{"name":"(anonymous_0)","decl":{"start":{"line":3,"column":17},"end":{"line":3,"column":18}},"loc":{"start":{"line":3,"column":28},"end":{"line":29,"column":1}},"line":3},"1":{"name":"(anonymous_1)","decl":{"start":{"line":17,"column":37},"end":{"line":17,"column":38}},"loc":{"start":{"line":17,"column":43},"end":{"line":17,"column":70}},"line":17},"2":{"name":"(anonymous_2)","decl":{"start":{"line":21,"column":37},"end":{"line":21,"column":38}},"loc":{"start":{"line":21,"column":43},"end":{"line":21,"column":72}},"line":21}},"branchMap":{"0":{"loc":{"start":{"line":12,"column":20},"end":{"line":23,"column":26}},"type":"binary-expr","locations":[{"start":{"line":12,"column":20},"end":{"line":12,"column":37}},{"start":{"line":13,"column":20},"end":{"line":23,"column":26}}],"line":12},"1":{"loc":{"start":{"line":16,"column":57},"end":{"line":16,"column":115}},"type":"cond-expr","locations":[{"start":{"line":16,"column":87},"end":{"line":16,"column":110}},{"start":{"line":16,"column":113},"end":{"line":16,"column":115}}],"line":16},"2":{"loc":{"start":{"line":20,"column":57},"end":{"line":20,"column":117}},"type":"cond-expr","locations":[{"start":{"line":20,"column":89},"end":{"line":20,"column":112}},{"start":{"line":20,"column":115},"end":{"line":20,"column":117}}],"line":20}},"s":{"0":3,"1":12,"2":1,"3":1},"f":{"0":12,"1":1,"2":1},"b":{"0":[12,11],"1":[9,2],"2":[2,9]},"_coverageSchema":"43e27e138ebf9cfc5966b082cf9a028302ed4184","hash":"26c77b767fefb344f77c649dd0c089eddea2165d"}
}
