TN:
SF:C:\Users\Viktoriya_Vorozhun\Desktop\React-CDP\app\components\app.js
FN:90,(anonymous_0)
FN:101,(anonymous_1)
FN:102,(anonymous_2)
FN:105,(anonymous_3)
FN:112,(anonymous_4)
FN:123,(anonymous_5)
FNF:6
FNH:6
FNDA:3,(anonymous_0)
FNDA:5,(anonymous_1)
FNDA:20,(anonymous_2)
FNDA:1,(anonymous_3)
FNDA:1,(anonymous_4)
FNDA:5,(anonymous_5)
DA:7,1
DA:91,3
DA:92,3
DA:96,3
DA:97,3
DA:98,3
DA:102,20
DA:106,1
DA:113,1
DA:117,1
DA:124,5
LF:11
LH:11
BRF:0
BRH:0
end_of_record
TN:
SF:C:\Users\Viktoriya_Vorozhun\Desktop\React-CDP\app\components\auxiliary\ErrorBoundary.js
FN:4,(anonymous_0)
FN:9,(anonymous_1)
FN:14,(anonymous_2)
FN:20,(anonymous_3)
FNF:4
FNH:4
FNDA:9,(anonymous_0)
FNDA:1,(anonymous_1)
FNDA:1,(anonymous_2)
FNDA:17,(anonymous_3)
DA:5,9
DA:6,9
DA:11,1
DA:15,1
DA:21,17
DA:22,2
DA:25,15
LF:7
LH:7
BRDA:21,0,0,2
BRDA:21,0,1,15
BRF:2
BRH:2
end_of_record
TN:
SF:C:\Users\Viktoriya_Vorozhun\Desktop\React-CDP\app\components\common\Logo.js
FN:3,(anonymous_0)
FNF:1
FNH:1
FNDA:15,(anonymous_0)
DA:3,5
DA:4,15
LF:2
LH:2
BRF:0
BRH:0
end_of_record
TN:
SF:C:\Users\Viktoriya_Vorozhun\Desktop\React-CDP\app\components\footer\Footer.js
FN:4,(anonymous_0)
FNF:1
FNH:1
FNDA:6,(anonymous_0)
DA:4,2
DA:5,6
LF:2
LH:2
BRF:0
BRH:0
end_of_record
TN:
SF:C:\Users\Viktoriya_Vorozhun\Desktop\React-CDP\app\components\header\Header.js
FN:6,(anonymous_0)
FNF:1
FNH:1
FNDA:6,(anonymous_0)
DA:6,2
DA:8,6
LF:2
LH:2
BRDA:16,0,0,1
BRDA:16,0,1,5
BRF:2
BRH:2
end_of_record
TN:
SF:C:\Users\Viktoriya_Vorozhun\Desktop\React-CDP\app\components\header\HeaderLine.js
FN:4,(anonymous_0)
FN:8,(anonymous_1)
FNF:2
FNH:2
FNDA:8,(anonymous_0)
FNDA:1,(anonymous_1)
DA:4,3
DA:5,8
DA:8,1
LF:3
LH:3
BRDA:8,0,0,8
BRDA:8,0,1,3
BRF:2
BRH:2
end_of_record
TN:
SF:C:\Users\Viktoriya_Vorozhun\Desktop\React-CDP\app\components\header\MovieFounded.js
FN:3,(anonymous_0)
FNF:1
FNH:1
FNDA:3,(anonymous_0)
DA:3,3
DA:5,3
LF:2
LH:2
BRF:0
BRH:0
end_of_record
TN:
SF:C:\Users\Viktoriya_Vorozhun\Desktop\React-CDP\app\components\header\MovieSearch.js
FN:6,(anonymous_0)
FN:16,(anonymous_1)
FN:24,(anonymous_2)
FN:34,(anonymous_3)
FN:38,(anonymous_4)
FNF:5
FNH:5
FNDA:7,(anonymous_0)
FNDA:1,(anonymous_1)
FNDA:1,(anonymous_2)
FNDA:10,(anonymous_3)
FNDA:14,(anonymous_4)
DA:7,7
DA:8,7
DA:12,7
DA:13,7
DA:17,1
DA:18,1
DA:25,1
DA:26,1
DA:27,1
DA:30,1
DA:35,10
DA:38,14
LF:12
LH:12
BRDA:17,0,0,1
BRDA:17,0,1,0
BRDA:26,1,0,1
BRDA:26,1,1,0
BRF:4
BRH:2
end_of_record
TN:
SF:C:\Users\Viktoriya_Vorozhun\Desktop\React-CDP\app\components\header\SearchByButton.js
FN:3,(anonymous_0)
FN:7,(anonymous_1)
FNF:2
FNH:2
FNDA:22,(anonymous_0)
FNDA:1,(anonymous_1)
DA:3,4
DA:4,22
DA:7,1
LF:3
LH:3
BRDA:5,0,0,11
BRDA:5,0,1,11
BRF:2
BRH:2
end_of_record
TN:
SF:C:\Users\Viktoriya_Vorozhun\Desktop\React-CDP\app\components\main\Main.js
FN:8,(anonymous_0)
FN:16,(anonymous_1)
FN:24,(anonymous_2)
FNF:3
FNH:3
FNDA:6,(anonymous_0)
FNDA:2,(anonymous_1)
FNDA:9,(anonymous_2)
DA:9,6
DA:10,6
DA:13,6
DA:17,2
DA:18,1
DA:25,9
LF:6
LH:6
BRDA:17,0,0,1
BRDA:17,0,1,1
BRDA:27,1,0,9
BRDA:27,1,1,8
BRDA:35,2,0,8
BRDA:35,2,1,1
BRF:6
BRH:6
end_of_record
TN:
SF:C:\Users\Viktoriya_Vorozhun\Desktop\React-CDP\app\components\main\Movie.js
FN:3,(anonymous_0)
FN:5,(anonymous_1)
FNF:2
FNH:2
FNDA:38,(anonymous_0)
FNDA:1,(anonymous_1)
DA:3,4
DA:4,38
DA:5,1
LF:3
LH:3
BRF:0
BRH:0
end_of_record
TN:
SF:C:\Users\Viktoriya_Vorozhun\Desktop\React-CDP\app\components\main\MoviesList.js
FN:6,(anonymous_0)
FN:11,(anonymous_1)
FN:13,(anonymous_2)
FN:23,(anonymous_3)
FN:36,(anonymous_4)
FN:40,(anonymous_5)
FNF:6
FNH:6
FNDA:7,(anonymous_0)
FNDA:10,(anonymous_1)
FNDA:27,(anonymous_2)
FNDA:10,(anonymous_3)
FNDA:10,(anonymous_4)
FNDA:40,(anonymous_5)
DA:7,7
DA:8,7
DA:12,10
DA:13,8
DA:14,27
DA:15,8
DA:17,19
DA:18,16
DA:20,3
DA:23,2
DA:24,10
DA:25,4
DA:27,6
DA:28,4
DA:30,2
DA:33,10
DA:37,10
DA:41,40
LF:18
LH:18
BRDA:12,0,0,8
BRDA:12,0,1,2
BRDA:14,1,0,8
BRDA:14,1,1,19
BRDA:17,2,0,16
BRDA:17,2,1,3
BRDA:24,3,0,4
BRDA:24,3,1,6
BRDA:27,4,0,4
BRDA:27,4,1,2
BRF:10
BRH:10
end_of_record
TN:
SF:C:\Users\Viktoriya_Vorozhun\Desktop\React-CDP\app\components\main\NoMovies.js
FN:3,(anonymous_0)
FNF:1
FNH:1
FNDA:2,(anonymous_0)
DA:3,3
DA:4,2
LF:2
LH:2
BRF:0
BRH:0
end_of_record
TN:
SF:C:\Users\Viktoriya_Vorozhun\Desktop\React-CDP\app\components\main\SortLine.js
FN:3,(anonymous_0)
FN:17,(anonymous_1)
FN:21,(anonymous_2)
FNF:3
FNH:3
FNDA:12,(anonymous_0)
FNDA:1,(anonymous_1)
FNDA:1,(anonymous_2)
DA:3,3
DA:5,12
DA:17,1
DA:21,1
LF:4
LH:4
BRDA:12,0,0,12
BRDA:12,0,1,11
BRDA:16,1,0,9
BRDA:16,1,1,2
BRDA:20,2,0,2
BRDA:20,2,1,9
BRF:6
BRH:6
end_of_record
